/home/yxm/ros2_ws/install/AAAmodel/lib/python3.12/site-packages/AAAmodel/vision_node.py
/home/yxm/ros2_ws/install/AAAmodel/lib/python3.12/site-packages/AAAmodel/game.py
/home/yxm/ros2_ws/install/AAAmodel/lib/python3.12/site-packages/AAAmodel/__init__.py
/home/yxm/ros2_ws/install/AAAmodel/lib/python3.12/site-packages/AAAmodel/model.py
/home/yxm/ros2_ws/install/AAAmodel/lib/python3.12/site-packages/AAAmodel/ai_node.py
/home/yxm/ros2_ws/install/AAAmodel/lib/python3.12/site-packages/AAAmodel/AlphaBataBot.py
/home/yxm/ros2_ws/install/AAAmodel/lib/python3.12/site-packages/AAAmodel/__pycache__/vision_node.cpython-312.pyc
/home/yxm/ros2_ws/install/AAAmodel/lib/python3.12/site-packages/AAAmodel/__pycache__/game.cpython-312.pyc
/home/yxm/ros2_ws/install/AAAmodel/lib/python3.12/site-packages/AAAmodel/__pycache__/__init__.cpython-312.pyc
/home/yxm/ros2_ws/install/AAAmodel/lib/python3.12/site-packages/AAAmodel/__pycache__/model.cpython-312.pyc
/home/yxm/ros2_ws/install/AAAmodel/lib/python3.12/site-packages/AAAmodel/__pycache__/ai_node.cpython-312.pyc
/home/yxm/ros2_ws/install/AAAmodel/lib/python3.12/site-packages/AAAmodel/__pycache__/AlphaBataBot.cpython-312.pyc
/home/yxm/ros2_ws/install/AAAmodel/share/ament_index/resource_index/packages/AAAmodel
/home/yxm/ros2_ws/install/AAAmodel/share/AAAmodel/package.xml
/home/yxm/ros2_ws/install/AAAmodel/share/AAAmodel/launch/start_game.launch.py
/home/yxm/ros2_ws/install/AAAmodel/share/AAAmodel/model/shell_best-set.pt
/home/yxm/ros2_ws/install/AAAmodel/share/AAAmodel/model/kfs_best-set.pt
/home/yxm/ros2_ws/install/AAAmodel/lib/python3.12/site-packages/AAAmodel-0.0.1-py3.12.egg-info/requires.txt
/home/yxm/ros2_ws/install/AAAmodel/lib/python3.12/site-packages/AAAmodel-0.0.1-py3.12.egg-info/top_level.txt
/home/yxm/ros2_ws/install/AAAmodel/lib/python3.12/site-packages/AAAmodel-0.0.1-py3.12.egg-info/entry_points.txt
/home/yxm/ros2_ws/install/AAAmodel/lib/python3.12/site-packages/AAAmodel-0.0.1-py3.12.egg-info/zip-safe
/home/yxm/ros2_ws/install/AAAmodel/lib/python3.12/site-packages/AAAmodel-0.0.1-py3.12.egg-info/dependency_links.txt
/home/yxm/ros2_ws/install/AAAmodel/lib/python3.12/site-packages/AAAmodel-0.0.1-py3.12.egg-info/SOURCES.txt
/home/yxm/ros2_ws/install/AAAmodel/lib/python3.12/site-packages/AAAmodel-0.0.1-py3.12.egg-info/PKG-INFO
/home/yxm/ros2_ws/install/AAAmodel/lib/AAAmodel/tactical_ai
/home/yxm/ros2_ws/install/AAAmodel/lib/AAAmodel/yolo_detector
