running egg_info
writing ../../build/AAAmodel/AAAmodel.egg-info/PKG-INFO
writing dependency_links to ../../build/AAAmodel/AAAmodel.egg-info/dependency_links.txt
writing entry points to ../../build/AAAmodel/AAAmodel.egg-info/entry_points.txt
writing requirements to ../../build/AAAmodel/AAAmodel.egg-info/requires.txt
writing top-level names to ../../build/AAAmodel/AAAmodel.egg-info/top_level.txt
reading manifest file '../../build/AAAmodel/AAAmodel.egg-info/SOURCES.txt'
writing manifest file '../../build/AAAmodel/AAAmodel.egg-info/SOURCES.txt'
running build
running build_py
running install
running install_lib
running install_data
running install_egg_info
removing '/home/yxm/Alphabata_ws/install/AAAmodel/lib/python3.12/site-packages/AAAmodel-0.0.1-py3.12.egg-info' (and everything under it)
Copying ../../build/AAAmodel/AAAmodel.egg-info to /home/yxm/Alphabata_ws/install/AAAmodel/lib/python3.12/site-packages/AAAmodel-0.0.1-py3.12.egg-info
running install_scripts
Installing tactical_ai script to /home/yxm/Alphabata_ws/install/AAAmodel/lib/AAAmodel
Installing yolo_detector script to /home/yxm/Alphabata_ws/install/AAAmodel/lib/AAAmodel
writing list of installed files to '/home/yxm/Alphabata_ws/build/AAAmodel/install.log'
