[0.671s] Invoking command in '/home/yxm/Alphabata_ws/src/AAAmodel': CONDA_PROMPT_MODIFIER=(base) DEBUGINFOD_URLS=https://debuginfod.ubuntu.com PYTHONPATH=/home/yxm/Alphabata_ws/build/AAAmodel/prefix_override:/usr/lib/python3/dist-packages/colcon_core/task/python/colcon_distutils_commands:/home/yxm/Alphabata_ws/install/AAAmodel/lib/python3.12/site-packages:${PYTHONPATH} /usr/bin/python3 -W ignore:setup.py install is deprecated -W ignore:easy_install command is deprecated setup.py egg_info --egg-base ../../build/AAAmodel build --build-base /home/yxm/Alphabata_ws/build/AAAmodel/build install --record /home/yxm/Alphabata_ws/build/AAAmodel/install.log --single-version-externally-managed install_data
[0.899s] running egg_info
[0.913s] writing ../../build/AAAmodel/AAAmodel.egg-info/PKG-INFO
[0.913s] writing dependency_links to ../../build/AAAmodel/AAAmodel.egg-info/dependency_links.txt
[0.913s] writing entry points to ../../build/AAAmodel/AAAmodel.egg-info/entry_points.txt
[0.913s] writing requirements to ../../build/AAAmodel/AAAmodel.egg-info/requires.txt
[0.914s] writing top-level names to ../../build/AAAmodel/AAAmodel.egg-info/top_level.txt
[0.941s] reading manifest file '../../build/AAAmodel/AAAmodel.egg-info/SOURCES.txt'
[0.941s] writing manifest file '../../build/AAAmodel/AAAmodel.egg-info/SOURCES.txt'
[0.941s] running build
[0.941s] running build_py
[0.942s] running install
[0.946s] running install_lib
[0.961s] running install_data
[0.961s] running install_egg_info
[0.975s] removing '/home/yxm/Alphabata_ws/install/AAAmodel/lib/python3.12/site-packages/AAAmodel-0.0.1-py3.12.egg-info' (and everything under it)
[0.975s] Copying ../../build/AAAmodel/AAAmodel.egg-info to /home/yxm/Alphabata_ws/install/AAAmodel/lib/python3.12/site-packages/AAAmodel-0.0.1-py3.12.egg-info
[0.976s] running install_scripts
[1.072s] Installing tactical_ai script to /home/yxm/Alphabata_ws/install/AAAmodel/lib/AAAmodel
[1.073s] Installing yolo_detector script to /home/yxm/Alphabata_ws/install/AAAmodel/lib/AAAmodel
[1.073s] writing list of installed files to '/home/yxm/Alphabata_ws/build/AAAmodel/install.log'
[1.095s] Invoked command in '/home/yxm/Alphabata_ws/src/AAAmodel' returned '0': CONDA_PROMPT_MODIFIER=(base) DEBUGINFOD_URLS=https://debuginfod.ubuntu.com PYTHONPATH=/home/yxm/Alphabata_ws/build/AAAmodel/prefix_override:/usr/lib/python3/dist-packages/colcon_core/task/python/colcon_distutils_commands:/home/yxm/Alphabata_ws/install/AAAmodel/lib/python3.12/site-packages:${PYTHONPATH} /usr/bin/python3 -W ignore:setup.py install is deprecated -W ignore:easy_install command is deprecated setup.py egg_info --egg-base ../../build/AAAmodel build --build-base /home/yxm/Alphabata_ws/build/AAAmodel/build install --record /home/yxm/Alphabata_ws/build/AAAmodel/install.log --single-version-externally-managed install_data
